Performing C SOURCE FILE Test CMAKE_HAVE_LIBC_PTHREAD failed with the following output:
Change Dir: /root/ws/tyros_ws/build/CMakeFiles/CMakeTmp

Run Build Command(s):/usr/sbin/make cmTC_acd95/fast && /usr/sbin/make -f CMakeFiles/cmTC_acd95.dir/build.make CMakeFiles/cmTC_acd95.dir/build
make[1]: Entering directory '/root/ws/tyros_ws/build/CMakeFiles/CMakeTmp'
Building C object CMakeFiles/cmTC_acd95.dir/src.c.o
/usr/sbin/cc   -DCMAKE_HAVE_LIBC_PTHREAD   -o CMakeFiles/cmTC_acd95.dir/src.c.o   -c /root/ws/tyros_ws/build/CMakeFiles/CMakeTmp/src.c
Linking C executable cmTC_acd95
/usr/bin/cmake -E cmake_link_script CMakeFiles/cmTC_acd95.dir/link.txt --verbose=1
/usr/sbin/cc  -DCMAKE_HAVE_LIBC_PTHREAD    -rdynamic CMakeFiles/cmTC_acd95.dir/src.c.o  -o cmTC_acd95 
/usr/sbin/ld: CMakeFiles/cmTC_acd95.dir/src.c.o: in function `main':
src.c:(.text+0x3e): undefined reference to `pthread_create'
/usr/sbin/ld: src.c:(.text+0x4a): undefined reference to `pthread_detach'
/usr/sbin/ld: src.c:(.text+0x5b): undefined reference to `pthread_join'
collect2: error: ld returned 1 exit status
make[1]: *** [CMakeFiles/cmTC_acd95.dir/build.make:87: cmTC_acd95] Error 1
make[1]: Leaving directory '/root/ws/tyros_ws/build/CMakeFiles/CMakeTmp'
make: *** [Makefile:121: cmTC_acd95/fast] Error 2


Source file was:
#include <pthread.h>

void* test_func(void* data)
{
  return data;
}

int main(void)
{
  pthread_t thread;
  pthread_create(&thread, NULL, test_func, NULL);
  pthread_detach(thread);
  pthread_join(thread, NULL);
  pthread_atfork(NULL, NULL, NULL);
  pthread_exit(NULL);

  return 0;
}

Determining if the function pthread_create exists in the pthreads failed with the following output:
Change Dir: /root/ws/tyros_ws/build/CMakeFiles/CMakeTmp

Run Build Command(s):/usr/sbin/make cmTC_0bab6/fast && /usr/sbin/make -f CMakeFiles/cmTC_0bab6.dir/build.make CMakeFiles/cmTC_0bab6.dir/build
make[1]: Entering directory '/root/ws/tyros_ws/build/CMakeFiles/CMakeTmp'
Building C object CMakeFiles/cmTC_0bab6.dir/CheckFunctionExists.c.o
/usr/sbin/cc   -DCHECK_FUNCTION_EXISTS=pthread_create   -o CMakeFiles/cmTC_0bab6.dir/CheckFunctionExists.c.o   -c /usr/share/cmake-3.16/Modules/CheckFunctionExists.c
Linking C executable cmTC_0bab6
/usr/bin/cmake -E cmake_link_script CMakeFiles/cmTC_0bab6.dir/link.txt --verbose=1
/usr/sbin/cc  -DCHECK_FUNCTION_EXISTS=pthread_create    -rdynamic CMakeFiles/cmTC_0bab6.dir/CheckFunctionExists.c.o  -o cmTC_0bab6  -lpthreads 
/usr/sbin/ld: cannot find -lpthreads
collect2: error: ld returned 1 exit status
make[1]: *** [CMakeFiles/cmTC_0bab6.dir/build.make:87: cmTC_0bab6] Error 1
make[1]: Leaving directory '/root/ws/tyros_ws/build/CMakeFiles/CMakeTmp'
make: *** [Makefile:121: cmTC_0bab6/fast] Error 2



